<?xml version="1.0" encoding="UTF-8"?>
<!-- Generated by org.testng.reporters.JUnitReportReporter -->
<testsuite hostname="E0167L" name="com.testNGPract.ScreenCapture" tests="1" failures="0" timestamp="8 Jan 2022 06:04:23 GMT" time="5.515" errors="0">
  <testcase name="testScreenShot" time="5.515" classname="com.testNGPract.ScreenCapture"/>
</testsuite> <!-- com.testNGPract.ScreenCapture -->
