<?xml version="1.0" encoding="UTF-8"?>
<!-- Generated by org.testng.reporters.JUnitReportReporter -->
<testsuite hostname="E0167L" name="com.testNGPract.WindowsForCrossBrowser" tests="1" failures="0" timestamp="6 Jan 2022 06:22:50 GMT" time="35.527" errors="0">
  <testcase name="windowHandle" time="35.527" classname="com.testNGPract.WindowsForCrossBrowser"/>
</testsuite> <!-- com.testNGPract.WindowsForCrossBrowser -->
