<?xml version="1.0" encoding="UTF-8"?>
<!-- Generated by org.testng.reporters.JUnitReportReporter -->
<testsuite hostname="E0167L" name="FirstTestNGClass" tests="1" failures="0" timestamp="5 Jan 2022 05:27:10 GMT" time="18.374" errors="0">
  <testcase name="testFirstMethod" time="18.374" classname="FirstTestNGClass"/>
</testsuite> <!-- FirstTestNGClass -->
