<?xml version="1.0" encoding="UTF-8"?>
<!-- Generated by org.testng.reporters.JUnitReportReporter -->
<testsuite hostname="E0167L" name="com.testNGPract.HandelingAsserst" tests="2" failures="0" timestamp="6 Jan 2022 06:22:50 GMT" time="30.219" errors="0">
  <testcase name="testHardAssert" time="25.229" classname="com.testNGPract.HandelingAsserst"/>
  <testcase name="testNewSoftAssert" time="4.990" classname="com.testNGPract.HandelingAsserst"/>
</testsuite> <!-- com.testNGPract.HandelingAsserst -->
