<?xml version="1.0" encoding="UTF-8"?>
<!-- Generated by org.testng.reporters.JUnitReportReporter -->
<testsuite hostname="E0167L" name="com.testNGPract.FirstTestNGClass" tests="3" failures="0" timestamp="6 Jan 2022 06:18:48 GMT" time="0.023" errors="0">
  <testcase name="testMethod1" time="0.010" classname="com.testNGPract.FirstTestNGClass"/>
  <testcase name="testMethod3" time="0.004" classname="com.testNGPract.FirstTestNGClass"/>
  <testcase name="testMethod2" time="0.009" classname="com.testNGPract.FirstTestNGClass"/>
</testsuite> <!-- com.testNGPract.FirstTestNGClass -->
