<?xml version="1.0" encoding="UTF-8"?>
<!-- Generated by org.testng.reporters.JUnitReportReporter -->
<testsuite hostname="E0167L" name="com.testNGPract.ParametersTestNG" tests="2" failures="0" timestamp="6 Jan 2022 04:57:32 GMT" time="0.020" errors="0">
  <testcase name="greeting" time="0.003" classname="com.testNGPract.ParametersTestNG"/>
  <testcase name="add" time="0.017" classname="com.testNGPract.ParametersTestNG"/>
</testsuite> <!-- com.testNGPract.ParametersTestNG -->
