<?xml version="1.0" encoding="UTF-8"?>
<!-- Generated by org.testng.reporters.JUnitReportReporter -->
<testsuite hostname="E0167L" name="com.testNGPract.SecondClass" tests="2" failures="0" timestamp="5 Jan 2022 06:11:57 GMT" time="0.011" errors="0">
  <testcase name="secMethod1" time="0.005" classname="com.testNGPract.SecondClass"/>
  <testcase name="secMethod1" time="0.006" classname="com.testNGPract.SecondClass"/>
</testsuite> <!-- com.testNGPract.SecondClass -->
