<?xml version="1.0" encoding="UTF-8"?>
<!-- Generated by org.testng.reporters.JUnitReportReporter -->
<testsuite hostname="E0167L" name="com.testNGPract.Test1" tests="1" failures="0" timestamp="8 Jan 2022 06:43:19 GMT" time="0.020" errors="0">
  <testcase name="loadLocators" time="0.020" classname="com.testNGPract.Test1"/>
</testsuite> <!-- com.testNGPract.Test1 -->
