<?xml version="1.0" encoding="UTF-8"?>
<!-- Generated by org.testng.reporters.JUnitReportReporter -->
<testsuite hostname="E0167L" name="com.testNGPract.CrossBrowserTest" tests="2" failures="0" timestamp="7 Jan 2022 05:29:31 GMT" time="38.903" errors="0">
  <testcase name="testCaseOne" time="19.560" classname="com.testNGPract.CrossBrowserTest"/>
  <testcase name="testCaseOne" time="19.343" classname="com.testNGPract.CrossBrowserTest"/>
</testsuite> <!-- com.testNGPract.CrossBrowserTest -->
